<?xml version="1.0" encoding="UTF-8"?>
<!-- Generated by org.testng.reporters.JUnitReportReporter -->
<testsuite skipped="0" hostname="INDIRA-LENOVA" name="com.qa.api.gorest.tests.GetUserTest" tests="1" failures="0" timestamp="2021-04-02T14:12:38 PDT" time="4.358" errors="0">
  <testcase name="getAllUserList" time="4.358" classname="com.qa.api.gorest.tests.GetUserTest"/>
  <system-out/>
</testsuite> <!-- com.qa.api.gorest.tests.GetUserTest -->
