<?xml version="1.0" encoding="UTF-8"?>
<!-- Generated by org.testng.reporters.JUnitReportReporter -->
<testsuite skipped="0" hostname="INDIRA-LENOVA" name="com.qa.api.gorest.POJO.UserReasult" tests="1" failures="0" timestamp="2021-04-03T08:56:34 PDT" time="5.884" errors="0">
  <testcase name="createUserwithFullJson" time="5.884" classname="com.qa.api.gorest.POJO.UserReasult"/>
  <system-out/>
</testsuite> <!-- com.qa.api.gorest.POJO.UserReasult -->
