<?xml version="1.0" encoding="UTF-8"?>
<!-- Generated by org.testng.reporters.JUnitReportReporter -->
<testsuite skipped="0" hostname="INDIRA-LENOVA" name="com.qa.api.gorest.tests.CreateUserTest" tests="4" failures="0" timestamp="2021-04-03T16:52:14 PDT" time="6.216" errors="0">
  <testcase name="createUserApiTest" time="3.096" classname="com.qa.api.gorest.tests.CreateUserTest"/>
  <system-out/>
  <testcase name="createUserApiTest" time="1.064" classname="com.qa.api.gorest.tests.CreateUserTest"/>
  <system-out/>
  <testcase name="createUserApiTest" time="1.040" classname="com.qa.api.gorest.tests.CreateUserTest"/>
  <system-out/>
  <testcase name="createUserApiTest" time="1.016" classname="com.qa.api.gorest.tests.CreateUserTest"/>
  <system-out/>
</testsuite> <!-- com.qa.api.gorest.tests.CreateUserTest -->
