<?xml version="1.0" encoding="UTF-8"?>
<!-- Generated by org.testng.reporters.JUnitReportReporter -->
<testsuite skipped="0" hostname="INDIRA-LENOVA" name="com.qa.api.gorest.tests.GetUserListTest" tests="2" failures="0" timestamp="2021-04-03T16:55:16 PDT" time="5.446" errors="0">
  <testcase name="getAllUserListApiTest" time="4.343" classname="com.qa.api.gorest.tests.GetUserListTest"/>
  <system-out/>
  <testcase name="getUserWithQueryParamsApiTest" time="1.103" classname="com.qa.api.gorest.tests.GetUserListTest"/>
  <system-out/>
</testsuite> <!-- com.qa.api.gorest.tests.GetUserListTest -->
