<?xml version="1.0" encoding="UTF-8"?>
<!-- Generated by org.testng.reporters.JUnitReportReporter -->
<testsuite skipped="0" hostname="INDIRA-LENOVA" name="com.qa.api.gorest.tests.CreateUserTest" tests="4" failures="0" timestamp="2021-04-03T16:55:16 PDT" time="6.112" errors="0">
  <testcase name="createUserApiTest" time="1.048" classname="com.qa.api.gorest.tests.CreateUserTest"/>
  <system-out/>
  <testcase name="createUserApiTest" time="1.045" classname="com.qa.api.gorest.tests.CreateUserTest"/>
  <system-out/>
  <testcase name="createUserApiTest" time="0.988" classname="com.qa.api.gorest.tests.CreateUserTest"/>
  <system-out/>
  <testcase name="createUserApiTest" time="3.031" classname="com.qa.api.gorest.tests.CreateUserTest"/>
  <system-out/>
</testsuite> <!-- com.qa.api.gorest.tests.CreateUserTest -->
